<?xml version="1.0" encoding="UTF-8"?>
<!-- Generated by org.testng.reporters.JUnitReportReporter -->
<testsuite name="com.crm.autodesk.CampaignTest.CreateCampWithNameTest" tests="1" time="22.950" ignored="0" failures="0" timestamp="29 Jan 2020 03:35:43 GMT" skipped="0" hostname="VIPUL" errors="0">
  <testcase name="campaign" time="22.950" classname="com.crm.autodesk.CampaignTest.CreateCampWithNameTest"/>
</testsuite> <!-- com.crm.autodesk.CampaignTest.CreateCampWithNameTest -->
